This is e-TeX, Version 3.141592-2.2 (MiKTeX 2.4) (preloaded format=latex 2006.6.26)  12 SEP 2006 11:40
entering extended mode
**poster.tex
(poster.tex
LaTeX2e <2005/12/01>
Babel <v3.8g> and hyphenation patterns for english, french, german, ngerman, sw
edish, dumylang, nohyphenation, loaded.
(a0poster.cls
Document Class: a0poster 1997/05/07 v1.21c a0poster class (GK, MW)
(d:\Program Files\MikTeX\texmf\tex\latex\base\article.cls
Document Class: article 2005/09/16 v1.4f Standard LaTeX document class
(d:\Program Files\MikTeX\texmf\tex\latex\base\size10.clo
File: size10.clo 2005/09/16 v1.4f Standard LaTeX file (size option)
)
\c@part=\count79
\c@section=\count80
\c@subsection=\count81
\c@subsubsection=\count82
\c@paragraph=\count83
\c@subparagraph=\count84
\c@figure=\count85
\c@table=\count86
\abovecaptionskip=\skip41
\belowcaptionskip=\skip42
\bibindent=\dimen102
)
\xkoord=\count87
\ykoord=\count88
\xscale=\count89
\yscale=\count90
\Ausgabe=\write3
 (a0size.sty
File: a0size.sty 1997/05/06 v1.21b a0poster class (GK, MW)
LaTeX Font Info:    Redeclaring symbol font `largesymbols' on input line 218.
LaTeX Font Info:    Overwriting symbol font `largesymbols' in version `normal'
(Font)                  OMX/cmex/m/n --> OMX/cmex/m/n on input line 218.
LaTeX Font Info:    Overwriting symbol font `largesymbols' in version `bold'
(Font)                  OMX/cmex/m/n --> OMX/cmex/m/n on input line 218.
\big@size=\dimen103
))
(d:\Program Files\MikTeX\texmf\tex\latex\graphics\epsfig.sty
Package: epsfig 1999/02/16 v1.7a (e)psfig emulation (SPQR)

(d:\Program Files\MikTeX\texmf\tex\latex\graphics\graphicx.sty
Package: graphicx 1999/02/16 v1.0f Enhanced LaTeX Graphics (DPC,SPQR)

(d:\Program Files\MikTeX\texmf\tex\latex\graphics\keyval.sty
Package: keyval 1999/03/16 v1.13 key=value parser (DPC)
\KV@toks@=\toks14
)
(d:\Program Files\MikTeX\texmf\tex\latex\graphics\graphics.sty
Package: graphics 2006/02/20 v1.0o Standard LaTeX Graphics (DPC,SPQR)

(d:\Program Files\MikTeX\texmf\tex\latex\graphics\trig.sty
Package: trig 1999/03/16 v1.09 sin cos tan (DPC)
)
(d:\Program Files\MikTeX\texmf\tex\latex\00miktex\graphics.cfg
File: graphics.cfg 2005/12/29 v1.2 MiKTeX 'graphics' configuration
)
Package graphics Info: Driver file: dvips.def on input line 90.

(d:\Program Files\MikTeX\texmf\tex\latex\graphics\dvips.def
File: dvips.def 1999/02/16 v3.0i Driver-dependant file (DPC,SPQR)
))
\Gin@req@height=\dimen104
\Gin@req@width=\dimen105
)
\epsfxsize=\dimen106
\epsfysize=\dimen107
)
(d:\Program Files\MikTeX\texmf\tex\latex\tools\multicol.sty
Package: multicol 2006/05/18 v1.6g multicolumn formatting (FMi)
\c@tracingmulticols=\count91
\mult@box=\box26
\multicol@leftmargin=\dimen108
\c@unbalance=\count92
\c@collectmore=\count93
\doublecol@number=\count94
\multicoltolerance=\count95
\multicolpretolerance=\count96
\full@width=\dimen109
\page@free=\dimen110
\premulticols=\dimen111
\postmulticols=\dimen112
\multicolsep=\skip43
\multicolbaselineskip=\skip44
\partial@page=\box27
\last@line=\box28
\mult@rightbox=\box29
\mult@grightbox=\box30
\mult@gfirstbox=\box31
\mult@firstbox=\box32
\@tempa=\box33
\@tempa=\box34
\@tempa=\box35
\@tempa=\box36
\@tempa=\box37
\@tempa=\box38
\@tempa=\box39
\@tempa=\box40
\@tempa=\box41
\@tempa=\box42
\@tempa=\box43
\@tempa=\box44
\@tempa=\box45
\@tempa=\box46
\@tempa=\box47
\@tempa=\box48
\@tempa=\box49
\c@columnbadness=\count97
\c@finalcolumnbadness=\count98
\last@try=\dimen113
\multicolovershoot=\dimen114
\multicolundershoot=\dimen115
\mult@nat@firstbox=\box50
\colbreak@box=\box51
)
(d:\Program Files\MikTeX\texmf\tex\latex\pstricks\pstricks.sty
Package: pstricks 2005/12/19 v0.31 LaTeX wrapper for `PSTricks' (RN,HV)

(d:\Program Files\MikTeX\texmf\tex\generic\pstricks\pstricks.tex
`PSTricks' v1.14a  <2006/02/06> (tvz)
\pst@dima=\dimen116
\pst@dimb=\dimen117
\pst@dimc=\dimen118
\pst@dimd=\dimen119
\pst@dimg=\dimen120
\pst@dimh=\dimen121
\pst@hbox=\box52
\pst@boxg=\box53
\pst@cnta=\count99
\pst@cntb=\count100
\pst@cntc=\count101
\pst@cntd=\count102
\pst@cntg=\count103
\pst@cnth=\count104
\pst@toks=\toks15
(d:\Program Files\MikTeX\texmf\tex\generic\pstricks\pstricks.con)
\psunit=\dimen122
\psxunit=\dimen123
\psyunit=\dimen124
\pslinewidth=\dimen125
\pst@customdefs=\toks16
\pslinearc=\dimen126
\everypsbox=\toks17
\psframesep=\dimen127
\pslabelsep=\dimen128
\psk@shift=\dimen129
\pst@shift=\dimen130
\theoverlaybox=\box54
)
File: pstricks.tex 2006/02/06 v1.14a `PSTricks' (tvz)

(d:\Program Files\MikTeX\texmf\tex\latex\xcolor\xcolor.sty
Package: xcolor 2005/12/21 v2.09 LaTeX color extensions (UK)

(d:\Program Files\MikTeX\texmf\tex\latex\00miktex\color.cfg
File: color.cfg 2005/12/29 v1.1 MiKTeX 'color' configuration
)
Package xcolor Info: Package option `override' ignored on input line 211.
Package xcolor Info: Driver file: dvips.def on input line 220.
Package xcolor Info: Model `cmy' substituted by `cmy0' on input line 1328.
Package xcolor Info: Model `RGB' extended on input line 1344.
Package xcolor Info: Model `HTML' substituted by `rgb' on input line 1346.
Package xcolor Info: Model `Hsb' substituted by `hsb' on input line 1347.
Package xcolor Info: Model `tHsb' substituted by `hsb' on input line 1348.
Package xcolor Info: Model `HSB' substituted by `hsb' on input line 1349.
Package xcolor Info: Model `Gray' substituted by `gray' on input line 1350.
Package xcolor Info: Model `wave' substituted by `hsb' on input line 1351.
))
(d:\Program Files\MikTeX\texmf\tex\latex\pstricks\pst-grad.sty
Package: pst-grad 2004/07/15 package wrapper for pst-grad.tex

(d:\Program Files\MikTeX\texmf\tex\generic\pstricks\pst-grad.tex
 v1.04, 2004/06/24)
File: pst-grad.tex 2004/06/24 1.04 `pst-grad' (tvz)
) (poster.aux

LaTeX Warning: Label `eqn:first' multiply defined.

)
LaTeX Font Info:    Checking defaults for OML/cmm/m/it on input line 123.
LaTeX Font Info:    ... okay on input line 123.
LaTeX Font Info:    Checking defaults for T1/cmr/m/n on input line 123.
LaTeX Font Info:    ... okay on input line 123.
LaTeX Font Info:    Checking defaults for OT1/cmr/m/n on input line 123.
LaTeX Font Info:    ... okay on input line 123.
LaTeX Font Info:    Checking defaults for OMS/cmsy/m/n on input line 123.
LaTeX Font Info:    ... okay on input line 123.
LaTeX Font Info:    Checking defaults for OMX/cmex/m/n on input line 123.
LaTeX Font Info:    ... okay on input line 123.
LaTeX Font Info:    Checking defaults for U/cmr/m/n on input line 123.
LaTeX Font Info:    ... okay on input line 123.
File: gklogo.eps Graphic file (type eps)
 <gklogo.eps>
File: gklogo.eps Graphic file (type eps)
 <gklogo.eps>

LaTeX Warning: Citation `Aut2001' on page 1 undefined on input line 252.

File: gklogo.eps Graphic file (type eps)
<gklogo.eps>
No file poster.bbl.

LaTeX Warning: Citation `Aut2001' on page 1 undefined on input line 349.

File: gklogo.eps Graphic file (type eps)
<gklogo.eps>
No file poster.bbl.
[1

] (poster.aux)

LaTeX Warning: There were undefined references.


LaTeX Warning: There were multiply-defined labels.

 ) 
Here is how much of TeX's memory you used:
 2193 strings out of 95870
 26647 string characters out of 1194391
 112727 words of memory out of 1101043
 5199 multiletter control sequences out of 60000
 8261 words of font info for 30 fonts, out of 1000000 for 2000
 14 hyphenation exceptions out of 4999
 32i,11n,37p,292b,595s stack positions out of 5000i,500n,10000p,200000b,32768s

Output written on poster.dvi (1 page, 20008 bytes).
